Downloading archive
Downloading closest anterior archive to 2024-11-02 16:42
Extracting archive from 2024-11-02 16:42
  % Total    % Received % Xferd  Average Speed   Time    Time     Time  Current
                                 Dload  Upload   Total   Spent    Left  Speed
  0     0    0     0    0     0      0      0 --:--:-- --:--:-- --:--:--     0  0     0    0     0    0     0      0      0 --:--:-- --:--:-- --:--:--     0100 14208    0 14208    0     0  30358      0 --:--:-- --:--:-- --:--:-- 30294
Re-uploading to File.IO
  % Total    % Received % Xferd  Average Speed   Time    Time     Time  Current
                                 Dload  Upload   Total   Spent    Left  Speed
  0     0    0     0    0     0      0      0 --:--:-- --:--:-- --:--:--     0100 14890  100   480  100 14410   1145  34391 --:--:-- --:--:-- --:--:-- 35536
Uploaded to File.IO: https://file.io/lRFkDRmpwyM6
Extracting files
Resetting output
Resetting output done
Extracting  /home/alex/mon_super_archiver/archive_DL
/mnt/c/Users/alex/OneDrive/Bureau/AP4_LINUX/install_dir/sources/archiver.sh
/mnt/c/Users/alex/OneDrive/Bureau/AP4_LINUX/install_dir/sources/config.sh
/mnt/c/Users/alex/OneDrive/Bureau/AP4_LINUX/install_dir/sources/discord.sh
/mnt/c/Users/alex/OneDrive/Bureau/AP4_LINUX/install_dir/sources/downloader.sh
/mnt/c/Users/alex/OneDrive/Bureau/AP4_LINUX/install_dir/sources/extracter.sh
/mnt/c/Users/alex/OneDrive/Bureau/AP4_LINUX/install_dir/sources/file.io.key
/mnt/c/Users/alex/OneDrive/Bureau/AP4_LINUX/install_dir/sources/main.sh
/mnt/c/Users/alex/OneDrive/Bureau/AP4_LINUX/install_dir/sources/uploader.sh
Extracting done
Downloading done
